Building DAG of jobs...
Using shell: /usr/bin/bash
Provided cores: 4
Rules claiming more threads will be scaled down.
Job stats:
job               count    min threads    max threads
--------------  -------  -------------  -------------
all                   1              1              1
get_genome_ref        1              1              1
index_genome          1              1              1
total                 3              1              1

Select jobs to execute...

[Sun May 11 15:31:21 2025]
rule get_genome_ref:
    output: ../data/reference/GRCh38/Homo_sapiens.GRCh38.dna.primary_assembly.fa
    jobid: 2
    reason: Missing output files: ../data/reference/GRCh38/Homo_sapiens.GRCh38.dna.primary_assembly.fa
    resources: tmpdir=/tmp


        mkdir -p ../data/reference/GRCh38
        wget -P ../data/reference/GRCh38 ftp://ftp.ensembl.org/pub/current/fasta/homo_sapiens/dna/Homo_sapiens.GRCh38.dna.primary_assembly.fa.gz
        gunzip -c ../data/reference/GRCh38/Homo_sapiens.GRCh38.dna.primary_assembly.fa.gz > ../data/reference/GRCh38/Homo_sapiens.GRCh38.dna.primary_assembly.fa
        
[Sun May 11 15:35:29 2025]
Finished job 2.
1 of 3 steps (33%) done
Select jobs to execute...

[Sun May 11 15:35:29 2025]
rule index_genome:
    input: ../data/reference/GRCh38/Homo_sapiens.GRCh38.dna.primary_assembly.fa
    output: ../data/reference/GRCh38/Homo_sapiens.GRCh38.dna.primary_assembly.fa.ann
    jobid: 1
    reason: Missing output files: ../data/reference/GRCh38/Homo_sapiens.GRCh38.dna.primary_assembly.fa.ann; Input files updated by another job: ../data/reference/GRCh38/Homo_sapiens.GRCh38.dna.primary_assembly.fa
    resources: tmpdir=/tmp


        bwa index Homo_sapiens.GRCh38.dna.primary_assembly.fa
        
[Sun May 11 15:35:29 2025]
Error in rule index_genome:
    jobid: 1
    input: ../data/reference/GRCh38/Homo_sapiens.GRCh38.dna.primary_assembly.fa
    output: ../data/reference/GRCh38/Homo_sapiens.GRCh38.dna.primary_assembly.fa.ann
    shell:
        
        bwa index Homo_sapiens.GRCh38.dna.primary_assembly.fa
        
        (one of the commands exited with non-zero exit code; note that snakemake uses bash strict mode!)

Shutting down, this might take some time.
Exiting because a job execution failed. Look above for error message
Complete log: .snakemake/log/2025-05-11T153120.704112.snakemake.log
