Building DAG of jobs...
Using shell: /usr/bin/bash
Provided cores: 4
Rules claiming more threads will be scaled down.
Job stats:
job               count    min threads    max threads
--------------  -------  -------------  -------------
all                   1              1              1
get_genome_ref        1              1              1
index_genome          1              1              1
total                 3              1              1

Select jobs to execute...

[Sun May 11 15:19:27 2025]
rule get_genome_ref:
    output: ../data/reference/GRCh38/Homo_sapiens.GRCh38.dna.primary_assembly.fa
    jobid: 2
    reason: Missing output files: ../data/reference/GRCh38/Homo_sapiens.GRCh38.dna.primary_assembly.fa
    resources: tmpdir=/tmp


        mkdir -p ../data/reference/GRCh38
        wget -P ../data/reference/GRCh38 ftp://ftp.ensembl.org/pub/current/fasta/homo_sapiens/dna/Homo_sapiens.GRCh38.dna.primary_assembly.fa.gz
        gunzip ../data/reference/GRCh38/Homo_sapiens.GRCh38.dna.primary_assembly.fa.gz > ../data/reference/GRCh38/Homo_sapiens.GRCh38.dna.primary_assembly.fa
        
Terminating processes on user request, this might take some time.
[Sun May 11 15:24:30 2025]
Error in rule get_genome_ref:
    jobid: 2
    output: ../data/reference/GRCh38/Homo_sapiens.GRCh38.dna.primary_assembly.fa
    shell:
        
        mkdir -p ../data/reference/GRCh38
        wget -P ../data/reference/GRCh38 ftp://ftp.ensembl.org/pub/current/fasta/homo_sapiens/dna/Homo_sapiens.GRCh38.dna.primary_assembly.fa.gz
        gunzip ../data/reference/GRCh38/Homo_sapiens.GRCh38.dna.primary_assembly.fa.gz > ../data/reference/GRCh38/Homo_sapiens.GRCh38.dna.primary_assembly.fa
        
        (one of the commands exited with non-zero exit code; note that snakemake uses bash strict mode!)

Complete log: .snakemake/log/2025-05-11T151927.554904.snakemake.log
